<?xml version="1.0" encoding="UTF-8"?>
<testsuite xmlns:xsi="http://www.w3.org/2001/XMLSchema-instance" xsi:noNamespaceSchemaLocation="https://maven.apache.org/surefire/maven-surefire-plugin/xsd/surefire-test-report.xsd" name="com.thenextmediagroup.dsod.service.AuthorServiceImplTest" time="26.814" tests="5" errors="0" skipped="0" failures="0">
  <properties>
[...]
</properties>
  <testcase name="testSave" classname="com.thenextmediagroup.dsod.service.AuthorServiceImplTest" time="0.92"/>
  <testcase name="testFindOneById" classname="com.thenextmediagroup.dsod.service.AuthorServiceImplTest" time="0.321"/>
  <testcase name="testEditOneById" classname="com.thenextmediagroup.dsod.service.AuthorServiceImplTest" time="0.107"/>
  <testcase name="testGetAllAuthor" classname="com.thenextmediagroup.dsod.service.AuthorServiceImplTest" time="0.27"/>
  <testcase name="testDeleteOneById" classname="com.thenextmediagroup.dsod.service.AuthorServiceImplTest" time="0.003"/>
</testsuite>